2024-06-08 00:28:36.339 [restartedMain] INFO  c.l.testsubjectMsSQL.SpringBootApp-logStarting - Starting SpringBootApp using Java 17.0.9 with PID 21180 (D:\java backend\testsubjectMsSQL\target\classes started by 40038450 in D:\java backend\testsubjectMsSQL)
2024-06-08 00:28:36.343 [restartedMain] DEBUG c.l.testsubjectMsSQL.SpringBootApp-logStarting - Running with Spring Boot v3.1.5, Spring v6.0.13
2024-06-08 00:28:36.345 [restartedMain] INFO  c.l.testsubjectMsSQL.SpringBootApp-logStartupProfileInfo - No active profile set, falling back to 1 default profile: "default"
2024-06-08 00:30:22.382 [restartedMain] INFO  c.l.testsubjectMsSQL.SpringBootApp-logStarting - Starting SpringBootApp using Java 17.0.9 with PID 15236 (D:\java backend\testsubjectMsSQL\target\classes started by 40038450 in D:\java backend\testsubjectMsSQL)
2024-06-08 00:30:22.387 [restartedMain] DEBUG c.l.testsubjectMsSQL.SpringBootApp-logStarting - Running with Spring Boot v3.1.5, Spring v6.0.13
2024-06-08 00:30:22.389 [restartedMain] INFO  c.l.testsubjectMsSQL.SpringBootApp-logStartupProfileInfo - No active profile set, falling back to 1 default profile: "default"
2024-06-08 00:31:12.959 [restartedMain] INFO  c.l.testsubjectMsSQL.SpringBootApp-logStarting - Starting SpringBootApp using Java 17.0.9 with PID 25168 (D:\java backend\testsubjectMsSQL\target\classes started by 40038450 in D:\java backend\testsubjectMsSQL)
2024-06-08 00:31:12.962 [restartedMain] DEBUG c.l.testsubjectMsSQL.SpringBootApp-logStarting - Running with Spring Boot v3.1.5, Spring v6.0.13
2024-06-08 00:31:12.963 [restartedMain] INFO  c.l.testsubjectMsSQL.SpringBootApp-logStartupProfileInfo - No active profile set, falling back to 1 default profile: "default"
2024-06-08 00:31:50.197 [restartedMain] INFO  c.l.testsubjectMsSQL.SpringBootApp-logStarting - Starting SpringBootApp using Java 17.0.9 with PID 25204 (D:\java backend\testsubjectMsSQL\target\classes started by 40038450 in D:\java backend\testsubjectMsSQL)
2024-06-08 00:31:50.202 [restartedMain] DEBUG c.l.testsubjectMsSQL.SpringBootApp-logStarting - Running with Spring Boot v3.1.5, Spring v6.0.13
2024-06-08 00:31:50.204 [restartedMain] INFO  c.l.testsubjectMsSQL.SpringBootApp-logStartupProfileInfo - No active profile set, falling back to 1 default profile: "default"
2024-06-08 00:31:59.912 [restartedMain] INFO  c.l.testsubjectMsSQL.SpringBootApp-logStarted - Started SpringBootApp in 10.391 seconds (process running for 12.494)
2024-06-08 00:32:59.852 [http-nio-8080-exec-2] INFO  com.ltts.service.ServiceServiceImpl-getservice - Operation succesfully
2024-06-08 00:34:45.938 [http-nio-8080-exec-6] INFO  com.ltts.service.ServiceServiceImpl-addservice - Operation succesfully
2024-06-08 00:37:49.684 [restartedMain] INFO  c.l.testsubjectMsSQL.SpringBootApp-logStarting - Starting SpringBootApp using Java 17.0.9 with PID 25204 (D:\java backend\testsubjectMsSQL\target\classes started by 40038450 in D:\java backend\testsubjectMsSQL)
2024-06-08 00:37:49.685 [restartedMain] DEBUG c.l.testsubjectMsSQL.SpringBootApp-logStarting - Running with Spring Boot v3.1.5, Spring v6.0.13
2024-06-08 00:37:49.685 [restartedMain] INFO  c.l.testsubjectMsSQL.SpringBootApp-logStartupProfileInfo - No active profile set, falling back to 1 default profile: "default"
2024-06-08 00:37:51.321 [restartedMain] INFO  c.l.testsubjectMsSQL.SpringBootApp-logStarted - Started SpringBootApp in 1.702 seconds (process running for 363.904)
2024-06-08 00:40:01.363 [restartedMain] INFO  c.l.testsubjectMsSQL.SpringBootApp-logStarting - Starting SpringBootApp using Java 17.0.9 with PID 25204 (D:\java backend\testsubjectMsSQL\target\classes started by 40038450 in D:\java backend\testsubjectMsSQL)
2024-06-08 00:40:01.364 [restartedMain] DEBUG c.l.testsubjectMsSQL.SpringBootApp-logStarting - Running with Spring Boot v3.1.5, Spring v6.0.13
2024-06-08 00:40:01.365 [restartedMain] INFO  c.l.testsubjectMsSQL.SpringBootApp-logStartupProfileInfo - No active profile set, falling back to 1 default profile: "default"
2024-06-08 00:40:02.692 [restartedMain] INFO  c.l.testsubjectMsSQL.SpringBootApp-logStarted - Started SpringBootApp in 1.383 seconds (process running for 495.275)
2024-06-08 00:42:45.410 [http-nio-8080-exec-8] INFO  c.ltts.controller.ServiceController-welcome - Welcome to web application
2024-06-08 00:42:48.948 [restartedMain] INFO  c.l.testsubjectMsSQL.SpringBootApp-logStarting - Starting SpringBootApp using Java 17.0.9 with PID 25204 (D:\java backend\testsubjectMsSQL\target\classes started by 40038450 in D:\java backend\testsubjectMsSQL)
2024-06-08 00:42:48.948 [restartedMain] DEBUG c.l.testsubjectMsSQL.SpringBootApp-logStarting - Running with Spring Boot v3.1.5, Spring v6.0.13
2024-06-08 00:42:48.949 [restartedMain] INFO  c.l.testsubjectMsSQL.SpringBootApp-logStartupProfileInfo - No active profile set, falling back to 1 default profile: "default"
2024-06-08 00:42:50.884 [restartedMain] INFO  c.l.testsubjectMsSQL.SpringBootApp-logStarted - Started SpringBootApp in 2.011 seconds (process running for 663.466)
2024-06-08 10:06:20.494 [restartedMain] INFO  c.l.testsubjectMsSQL.SpringBootApp-logStarting - Starting SpringBootApp using Java 17.0.9 with PID 25204 (D:\java backend\testsubjectMsSQL\target\classes started by 40038450 in D:\java backend\testsubjectMsSQL)
2024-06-08 10:06:20.510 [restartedMain] DEBUG c.l.testsubjectMsSQL.SpringBootApp-logStarting - Running with Spring Boot v3.1.5, Spring v6.0.13
2024-06-08 10:06:20.510 [restartedMain] INFO  c.l.testsubjectMsSQL.SpringBootApp-logStartupProfileInfo - No active profile set, falling back to 1 default profile: "default"
2024-06-08 10:06:32.200 [restartedMain] INFO  c.l.testsubjectMsSQL.SpringBootApp-logStarted - Started SpringBootApp in 12.17 seconds (process running for 34484.843)
2024-06-08 10:14:34.619 [restartedMain] INFO  c.l.testsubjectMsSQL.SpringBootApp-logStarting - Starting SpringBootApp using Java 17.0.9 with PID 15652 (D:\java backend\testsubjectMsSQL\target\classes started by 40038450 in D:\java backend\testsubjectMsSQL)
2024-06-08 10:14:34.623 [restartedMain] DEBUG c.l.testsubjectMsSQL.SpringBootApp-logStarting - Running with Spring Boot v3.1.5, Spring v6.0.13
2024-06-08 10:14:34.624 [restartedMain] INFO  c.l.testsubjectMsSQL.SpringBootApp-logStartupProfileInfo - No active profile set, falling back to 1 default profile: "default"
2024-06-08 10:14:40.951 [restartedMain] INFO  c.l.testsubjectMsSQL.SpringBootApp-logStarted - Started SpringBootApp in 6.97 seconds (process running for 8.693)
2024-06-08 10:16:43.707 [restartedMain] INFO  c.l.testsubjectMsSQL.SpringBootApp-logStarting - Starting SpringBootApp using Java 17.0.9 with PID 15652 (D:\java backend\testsubjectMsSQL\target\classes started by 40038450 in D:\java backend\testsubjectMsSQL)
2024-06-08 10:16:43.708 [restartedMain] DEBUG c.l.testsubjectMsSQL.SpringBootApp-logStarting - Running with Spring Boot v3.1.5, Spring v6.0.13
2024-06-08 10:16:43.708 [restartedMain] INFO  c.l.testsubjectMsSQL.SpringBootApp-logStartupProfileInfo - No active profile set, falling back to 1 default profile: "default"
2024-06-08 10:16:44.850 [restartedMain] INFO  c.l.testsubjectMsSQL.SpringBootApp-logStarted - Started SpringBootApp in 1.18 seconds (process running for 132.593)
2024-06-08 10:18:01.073 [restartedMain] INFO  c.l.testsubjectMsSQL.SpringBootApp-logStarting - Starting SpringBootApp using Java 17.0.9 with PID 15652 (D:\java backend\testsubjectMsSQL\target\classes started by 40038450 in D:\java backend\testsubjectMsSQL)
2024-06-08 10:18:01.074 [restartedMain] DEBUG c.l.testsubjectMsSQL.SpringBootApp-logStarting - Running with Spring Boot v3.1.5, Spring v6.0.13
2024-06-08 10:18:01.074 [restartedMain] INFO  c.l.testsubjectMsSQL.SpringBootApp-logStartupProfileInfo - No active profile set, falling back to 1 default profile: "default"
2024-06-08 10:18:03.308 [restartedMain] INFO  c.l.testsubjectMsSQL.SpringBootApp-logStarted - Started SpringBootApp in 2.359 seconds (process running for 211.051)
2024-06-08 10:18:05.905 [restartedMain] INFO  c.l.testsubjectMsSQL.SpringBootApp-logStarting - Starting SpringBootApp using Java 17.0.9 with PID 15652 (D:\java backend\testsubjectMsSQL\target\classes started by 40038450 in D:\java backend\testsubjectMsSQL)
2024-06-08 10:18:05.906 [restartedMain] DEBUG c.l.testsubjectMsSQL.SpringBootApp-logStarting - Running with Spring Boot v3.1.5, Spring v6.0.13
2024-06-08 10:18:05.907 [restartedMain] INFO  c.l.testsubjectMsSQL.SpringBootApp-logStartupProfileInfo - No active profile set, falling back to 1 default profile: "default"
2024-06-08 10:18:07.316 [restartedMain] INFO  c.l.testsubjectMsSQL.SpringBootApp-logStarted - Started SpringBootApp in 1.465 seconds (process running for 215.058)
2024-06-08 10:18:08.850 [restartedMain] INFO  c.l.testsubjectMsSQL.SpringBootApp-logStarting - Starting SpringBootApp using Java 17.0.9 with PID 15652 (D:\java backend\testsubjectMsSQL\target\classes started by 40038450 in D:\java backend\testsubjectMsSQL)
2024-06-08 10:18:08.851 [restartedMain] DEBUG c.l.testsubjectMsSQL.SpringBootApp-logStarting - Running with Spring Boot v3.1.5, Spring v6.0.13
2024-06-08 10:18:08.851 [restartedMain] INFO  c.l.testsubjectMsSQL.SpringBootApp-logStartupProfileInfo - No active profile set, falling back to 1 default profile: "default"
2024-06-08 10:18:19.491 [restartedMain] INFO  c.l.testsubjectMsSQL.SpringBootApp-logStarting - Starting SpringBootApp using Java 17.0.9 with PID 15652 (D:\java backend\testsubjectMsSQL\target\classes started by 40038450 in D:\java backend\testsubjectMsSQL)
2024-06-08 10:18:19.491 [restartedMain] DEBUG c.l.testsubjectMsSQL.SpringBootApp-logStarting - Running with Spring Boot v3.1.5, Spring v6.0.13
2024-06-08 10:18:19.492 [restartedMain] INFO  c.l.testsubjectMsSQL.SpringBootApp-logStartupProfileInfo - No active profile set, falling back to 1 default profile: "default"
2024-06-08 10:18:21.622 [restartedMain] INFO  c.l.testsubjectMsSQL.SpringBootApp-logStarting - Starting SpringBootApp using Java 17.0.9 with PID 15652 (D:\java backend\testsubjectMsSQL\target\classes started by 40038450 in D:\java backend\testsubjectMsSQL)
2024-06-08 10:18:21.622 [restartedMain] DEBUG c.l.testsubjectMsSQL.SpringBootApp-logStarting - Running with Spring Boot v3.1.5, Spring v6.0.13
2024-06-08 10:18:21.622 [restartedMain] INFO  c.l.testsubjectMsSQL.SpringBootApp-logStartupProfileInfo - No active profile set, falling back to 1 default profile: "default"
2024-06-08 10:18:23.722 [restartedMain] INFO  c.l.testsubjectMsSQL.SpringBootApp-logStarting - Starting SpringBootApp using Java 17.0.9 with PID 15652 (D:\java backend\testsubjectMsSQL\target\classes started by 40038450 in D:\java backend\testsubjectMsSQL)
2024-06-08 10:18:23.723 [restartedMain] DEBUG c.l.testsubjectMsSQL.SpringBootApp-logStarting - Running with Spring Boot v3.1.5, Spring v6.0.13
2024-06-08 10:18:23.723 [restartedMain] INFO  c.l.testsubjectMsSQL.SpringBootApp-logStartupProfileInfo - No active profile set, falling back to 1 default profile: "default"
2024-06-08 10:18:25.860 [restartedMain] INFO  c.l.testsubjectMsSQL.SpringBootApp-logStarting - Starting SpringBootApp using Java 17.0.9 with PID 15652 (D:\java backend\testsubjectMsSQL\target\classes started by 40038450 in D:\java backend\testsubjectMsSQL)
2024-06-08 10:18:25.861 [restartedMain] DEBUG c.l.testsubjectMsSQL.SpringBootApp-logStarting - Running with Spring Boot v3.1.5, Spring v6.0.13
2024-06-08 10:18:25.861 [restartedMain] INFO  c.l.testsubjectMsSQL.SpringBootApp-logStartupProfileInfo - No active profile set, falling back to 1 default profile: "default"
2024-06-08 10:18:28.568 [restartedMain] INFO  c.l.testsubjectMsSQL.SpringBootApp-logStarting - Starting SpringBootApp using Java 17.0.9 with PID 15652 (D:\java backend\testsubjectMsSQL\target\classes started by 40038450 in D:\java backend\testsubjectMsSQL)
2024-06-08 10:18:28.569 [restartedMain] DEBUG c.l.testsubjectMsSQL.SpringBootApp-logStarting - Running with Spring Boot v3.1.5, Spring v6.0.13
2024-06-08 10:18:28.569 [restartedMain] INFO  c.l.testsubjectMsSQL.SpringBootApp-logStartupProfileInfo - No active profile set, falling back to 1 default profile: "default"
2024-06-08 10:18:32.207 [restartedMain] INFO  c.l.testsubjectMsSQL.SpringBootApp-logStarting - Starting SpringBootApp using Java 17.0.9 with PID 15652 (D:\java backend\testsubjectMsSQL\target\classes started by 40038450 in D:\java backend\testsubjectMsSQL)
2024-06-08 10:18:32.207 [restartedMain] DEBUG c.l.testsubjectMsSQL.SpringBootApp-logStarting - Running with Spring Boot v3.1.5, Spring v6.0.13
2024-06-08 10:18:32.207 [restartedMain] INFO  c.l.testsubjectMsSQL.SpringBootApp-logStartupProfileInfo - No active profile set, falling back to 1 default profile: "default"
2024-06-08 10:18:33.352 [restartedMain] INFO  c.l.testsubjectMsSQL.SpringBootApp-logStarted - Started SpringBootApp in 1.174 seconds (process running for 241.094)
2024-06-08 10:18:40.169 [restartedMain] INFO  c.l.testsubjectMsSQL.SpringBootApp-logStarting - Starting SpringBootApp using Java 17.0.9 with PID 15652 (D:\java backend\testsubjectMsSQL\target\classes started by 40038450 in D:\java backend\testsubjectMsSQL)
2024-06-08 10:18:40.172 [restartedMain] DEBUG c.l.testsubjectMsSQL.SpringBootApp-logStarting - Running with Spring Boot v3.1.5, Spring v6.0.13
2024-06-08 10:18:40.172 [restartedMain] INFO  c.l.testsubjectMsSQL.SpringBootApp-logStartupProfileInfo - No active profile set, falling back to 1 default profile: "default"
2024-06-08 10:18:42.438 [restartedMain] INFO  c.l.testsubjectMsSQL.SpringBootApp-logStarting - Starting SpringBootApp using Java 17.0.9 with PID 15652 (D:\java backend\testsubjectMsSQL\target\classes started by 40038450 in D:\java backend\testsubjectMsSQL)
2024-06-08 10:18:42.439 [restartedMain] DEBUG c.l.testsubjectMsSQL.SpringBootApp-logStarting - Running with Spring Boot v3.1.5, Spring v6.0.13
2024-06-08 10:18:42.439 [restartedMain] INFO  c.l.testsubjectMsSQL.SpringBootApp-logStartupProfileInfo - No active profile set, falling back to 1 default profile: "default"
2024-06-08 10:18:44.851 [restartedMain] INFO  c.l.testsubjectMsSQL.SpringBootApp-logStarting - Starting SpringBootApp using Java 17.0.9 with PID 15652 (D:\java backend\testsubjectMsSQL\target\classes started by 40038450 in D:\java backend\testsubjectMsSQL)
2024-06-08 10:18:44.852 [restartedMain] DEBUG c.l.testsubjectMsSQL.SpringBootApp-logStarting - Running with Spring Boot v3.1.5, Spring v6.0.13
2024-06-08 10:18:44.852 [restartedMain] INFO  c.l.testsubjectMsSQL.SpringBootApp-logStartupProfileInfo - No active profile set, falling back to 1 default profile: "default"
2024-06-08 10:18:47.025 [restartedMain] INFO  c.l.testsubjectMsSQL.SpringBootApp-logStarting - Starting SpringBootApp using Java 17.0.9 with PID 15652 (D:\java backend\testsubjectMsSQL\target\classes started by 40038450 in D:\java backend\testsubjectMsSQL)
2024-06-08 10:18:47.026 [restartedMain] DEBUG c.l.testsubjectMsSQL.SpringBootApp-logStarting - Running with Spring Boot v3.1.5, Spring v6.0.13
2024-06-08 10:18:47.026 [restartedMain] INFO  c.l.testsubjectMsSQL.SpringBootApp-logStartupProfileInfo - No active profile set, falling back to 1 default profile: "default"
2024-06-08 10:18:49.275 [restartedMain] INFO  c.l.testsubjectMsSQL.SpringBootApp-logStarting - Starting SpringBootApp using Java 17.0.9 with PID 15652 (D:\java backend\testsubjectMsSQL\target\classes started by 40038450 in D:\java backend\testsubjectMsSQL)
2024-06-08 10:18:49.275 [restartedMain] DEBUG c.l.testsubjectMsSQL.SpringBootApp-logStarting - Running with Spring Boot v3.1.5, Spring v6.0.13
2024-06-08 10:18:49.276 [restartedMain] INFO  c.l.testsubjectMsSQL.SpringBootApp-logStartupProfileInfo - No active profile set, falling back to 1 default profile: "default"
2024-06-08 10:18:50.852 [restartedMain] INFO  c.l.testsubjectMsSQL.SpringBootApp-logStarted - Started SpringBootApp in 1.679 seconds (process running for 258.594)
2024-06-08 10:19:26.592 [restartedMain] INFO  c.l.testsubjectMsSQL.SpringBootApp-logStarting - Starting SpringBootApp using Java 17.0.9 with PID 15652 (D:\java backend\testsubjectMsSQL\target\classes started by 40038450 in D:\java backend\testsubjectMsSQL)
2024-06-08 10:19:26.592 [restartedMain] DEBUG c.l.testsubjectMsSQL.SpringBootApp-logStarting - Running with Spring Boot v3.1.5, Spring v6.0.13
2024-06-08 10:19:26.592 [restartedMain] INFO  c.l.testsubjectMsSQL.SpringBootApp-logStartupProfileInfo - No active profile set, falling back to 1 default profile: "default"
2024-06-08 10:19:27.476 [restartedMain] INFO  c.l.testsubjectMsSQL.SpringBootApp-logStarted - Started SpringBootApp in 0.92 seconds (process running for 295.219)
2024-06-08 10:19:35.231 [restartedMain] INFO  c.l.testsubjectMsSQL.SpringBootApp-logStarting - Starting SpringBootApp using Java 17.0.9 with PID 15652 (D:\java backend\testsubjectMsSQL\target\classes started by 40038450 in D:\java backend\testsubjectMsSQL)
2024-06-08 10:19:35.232 [restartedMain] DEBUG c.l.testsubjectMsSQL.SpringBootApp-logStarting - Running with Spring Boot v3.1.5, Spring v6.0.13
2024-06-08 10:19:35.232 [restartedMain] INFO  c.l.testsubjectMsSQL.SpringBootApp-logStartupProfileInfo - No active profile set, falling back to 1 default profile: "default"
2024-06-08 10:19:36.158 [restartedMain] INFO  c.l.testsubjectMsSQL.SpringBootApp-logStarted - Started SpringBootApp in 0.96 seconds (process running for 303.901)
2024-06-08 10:20:52.997 [http-nio-8080-exec-1] INFO  com.ltts.service.ServiceServiceImpl-getservice - Operation succesfully
2024-06-08 10:21:25.052 [http-nio-8080-exec-5] INFO  com.ltts.service.VendorServiceImpl-getvendor - Operation succesfully
2024-06-08 10:21:42.912 [restartedMain] INFO  c.l.testsubjectMsSQL.SpringBootApp-logStarting - Starting SpringBootApp using Java 17.0.9 with PID 15652 (D:\java backend\testsubjectMsSQL\target\classes started by 40038450 in D:\java backend\testsubjectMsSQL)
2024-06-08 10:21:42.913 [restartedMain] DEBUG c.l.testsubjectMsSQL.SpringBootApp-logStarting - Running with Spring Boot v3.1.5, Spring v6.0.13
2024-06-08 10:21:42.913 [restartedMain] INFO  c.l.testsubjectMsSQL.SpringBootApp-logStartupProfileInfo - No active profile set, falling back to 1 default profile: "default"
2024-06-08 10:21:44.007 [restartedMain] INFO  c.l.testsubjectMsSQL.SpringBootApp-logStarted - Started SpringBootApp in 1.128 seconds (process running for 431.749)
2024-06-08 10:21:58.850 [restartedMain] INFO  c.l.testsubjectMsSQL.SpringBootApp-logStarting - Starting SpringBootApp using Java 17.0.9 with PID 15652 (D:\java backend\testsubjectMsSQL\target\classes started by 40038450 in D:\java backend\testsubjectMsSQL)
2024-06-08 10:21:58.851 [restartedMain] DEBUG c.l.testsubjectMsSQL.SpringBootApp-logStarting - Running with Spring Boot v3.1.5, Spring v6.0.13
2024-06-08 10:21:58.851 [restartedMain] INFO  c.l.testsubjectMsSQL.SpringBootApp-logStartupProfileInfo - No active profile set, falling back to 1 default profile: "default"
2024-06-08 10:21:59.884 [restartedMain] INFO  c.l.testsubjectMsSQL.SpringBootApp-logStarted - Started SpringBootApp in 1.075 seconds (process running for 447.627)
2024-06-08 10:26:30.628 [restartedMain] INFO  c.l.testsubjectMsSQL.SpringBootApp-logStarting - Starting SpringBootApp using Java 17.0.9 with PID 15652 (D:\java backend\testsubjectMsSQL\target\classes started by 40038450 in D:\java backend\testsubjectMsSQL)
2024-06-08 10:26:30.628 [restartedMain] DEBUG c.l.testsubjectMsSQL.SpringBootApp-logStarting - Running with Spring Boot v3.1.5, Spring v6.0.13
2024-06-08 10:26:30.628 [restartedMain] INFO  c.l.testsubjectMsSQL.SpringBootApp-logStartupProfileInfo - No active profile set, falling back to 1 default profile: "default"
2024-06-08 10:26:31.654 [restartedMain] INFO  c.l.testsubjectMsSQL.SpringBootApp-logStarted - Started SpringBootApp in 1.063 seconds (process running for 719.397)
2024-06-08 10:26:42.543 [restartedMain] INFO  c.l.testsubjectMsSQL.SpringBootApp-logStarting - Starting SpringBootApp using Java 17.0.9 with PID 15652 (D:\java backend\testsubjectMsSQL\target\classes started by 40038450 in D:\java backend\testsubjectMsSQL)
2024-06-08 10:26:42.543 [restartedMain] DEBUG c.l.testsubjectMsSQL.SpringBootApp-logStarting - Running with Spring Boot v3.1.5, Spring v6.0.13
2024-06-08 10:26:42.543 [restartedMain] INFO  c.l.testsubjectMsSQL.SpringBootApp-logStartupProfileInfo - No active profile set, falling back to 1 default profile: "default"
2024-06-08 10:26:43.331 [restartedMain] INFO  c.l.testsubjectMsSQL.SpringBootApp-logStarted - Started SpringBootApp in 0.835 seconds (process running for 731.074)
2024-06-08 10:28:00.371 [restartedMain] INFO  c.l.testsubjectMsSQL.SpringBootApp-logStarting - Starting SpringBootApp using Java 17.0.9 with PID 15652 (D:\java backend\testsubjectMsSQL\target\classes started by 40038450 in D:\java backend\testsubjectMsSQL)
2024-06-08 10:28:00.372 [restartedMain] DEBUG c.l.testsubjectMsSQL.SpringBootApp-logStarting - Running with Spring Boot v3.1.5, Spring v6.0.13
2024-06-08 10:28:00.372 [restartedMain] INFO  c.l.testsubjectMsSQL.SpringBootApp-logStartupProfileInfo - No active profile set, falling back to 1 default profile: "default"
2024-06-08 10:28:01.209 [restartedMain] INFO  c.l.testsubjectMsSQL.SpringBootApp-logStarted - Started SpringBootApp in 0.868 seconds (process running for 808.952)
2024-06-08 10:28:35.775 [restartedMain] INFO  c.l.testsubjectMsSQL.SpringBootApp-logStarting - Starting SpringBootApp using Java 17.0.9 with PID 15652 (D:\java backend\testsubjectMsSQL\target\classes started by 40038450 in D:\java backend\testsubjectMsSQL)
2024-06-08 10:28:35.775 [restartedMain] DEBUG c.l.testsubjectMsSQL.SpringBootApp-logStarting - Running with Spring Boot v3.1.5, Spring v6.0.13
2024-06-08 10:28:35.775 [restartedMain] INFO  c.l.testsubjectMsSQL.SpringBootApp-logStartupProfileInfo - No active profile set, falling back to 1 default profile: "default"
2024-06-08 10:28:36.726 [restartedMain] INFO  c.l.testsubjectMsSQL.SpringBootApp-logStarted - Started SpringBootApp in 0.981 seconds (process running for 844.469)
2024-06-08 10:28:44.794 [restartedMain] INFO  c.l.testsubjectMsSQL.SpringBootApp-logStarting - Starting SpringBootApp using Java 17.0.9 with PID 15652 (D:\java backend\testsubjectMsSQL\target\classes started by 40038450 in D:\java backend\testsubjectMsSQL)
2024-06-08 10:28:44.795 [restartedMain] DEBUG c.l.testsubjectMsSQL.SpringBootApp-logStarting - Running with Spring Boot v3.1.5, Spring v6.0.13
2024-06-08 10:28:44.795 [restartedMain] INFO  c.l.testsubjectMsSQL.SpringBootApp-logStartupProfileInfo - No active profile set, falling back to 1 default profile: "default"
2024-06-08 10:28:45.568 [restartedMain] INFO  c.l.testsubjectMsSQL.SpringBootApp-logStarted - Started SpringBootApp in 0.81 seconds (process running for 853.311)
2024-06-08 10:28:48.113 [restartedMain] INFO  c.l.testsubjectMsSQL.SpringBootApp-logStarting - Starting SpringBootApp using Java 17.0.9 with PID 15652 (D:\java backend\testsubjectMsSQL\target\classes started by 40038450 in D:\java backend\testsubjectMsSQL)
2024-06-08 10:28:48.114 [restartedMain] DEBUG c.l.testsubjectMsSQL.SpringBootApp-logStarting - Running with Spring Boot v3.1.5, Spring v6.0.13
2024-06-08 10:28:48.114 [restartedMain] INFO  c.l.testsubjectMsSQL.SpringBootApp-logStartupProfileInfo - No active profile set, falling back to 1 default profile: "default"
2024-06-08 10:28:48.885 [restartedMain] INFO  c.l.testsubjectMsSQL.SpringBootApp-logStarted - Started SpringBootApp in 0.797 seconds (process running for 856.627)
2024-06-08 10:28:54.929 [restartedMain] INFO  c.l.testsubjectMsSQL.SpringBootApp-logStarting - Starting SpringBootApp using Java 17.0.9 with PID 15652 (D:\java backend\testsubjectMsSQL\target\classes started by 40038450 in D:\java backend\testsubjectMsSQL)
2024-06-08 10:28:54.929 [restartedMain] DEBUG c.l.testsubjectMsSQL.SpringBootApp-logStarting - Running with Spring Boot v3.1.5, Spring v6.0.13
2024-06-08 10:28:54.930 [restartedMain] INFO  c.l.testsubjectMsSQL.SpringBootApp-logStartupProfileInfo - No active profile set, falling back to 1 default profile: "default"
2024-06-08 10:28:55.809 [restartedMain] INFO  c.l.testsubjectMsSQL.SpringBootApp-logStarted - Started SpringBootApp in 0.911 seconds (process running for 863.552)
2024-06-08 10:29:01.457 [restartedMain] INFO  c.l.testsubjectMsSQL.SpringBootApp-logStarting - Starting SpringBootApp using Java 17.0.9 with PID 15652 (D:\java backend\testsubjectMsSQL\target\classes started by 40038450 in D:\java backend\testsubjectMsSQL)
2024-06-08 10:29:01.457 [restartedMain] DEBUG c.l.testsubjectMsSQL.SpringBootApp-logStarting - Running with Spring Boot v3.1.5, Spring v6.0.13
2024-06-08 10:29:01.457 [restartedMain] INFO  c.l.testsubjectMsSQL.SpringBootApp-logStartupProfileInfo - No active profile set, falling back to 1 default profile: "default"
2024-06-08 10:29:02.317 [restartedMain] INFO  c.l.testsubjectMsSQL.SpringBootApp-logStarted - Started SpringBootApp in 0.904 seconds (process running for 870.059)
2024-06-08 10:29:09.124 [http-nio-8080-exec-2] INFO  c.ltts.service.employeeServiceImpl-addemployee - Operation succesfully
2024-06-08 10:31:42.505 [restartedMain] INFO  c.l.testsubjectMsSQL.SpringBootApp-logStarting - Starting SpringBootApp using Java 17.0.9 with PID 15652 (D:\java backend\testsubjectMsSQL\target\classes started by 40038450 in D:\java backend\testsubjectMsSQL)
2024-06-08 10:31:42.506 [restartedMain] DEBUG c.l.testsubjectMsSQL.SpringBootApp-logStarting - Running with Spring Boot v3.1.5, Spring v6.0.13
2024-06-08 10:31:42.507 [restartedMain] INFO  c.l.testsubjectMsSQL.SpringBootApp-logStartupProfileInfo - No active profile set, falling back to 1 default profile: "default"
2024-06-08 10:31:43.448 [restartedMain] INFO  c.l.testsubjectMsSQL.SpringBootApp-logStarted - Started SpringBootApp in 0.995 seconds (process running for 1031.191)
2024-06-08 10:32:06.718 [restartedMain] INFO  c.l.testsubjectMsSQL.SpringBootApp-logStarting - Starting SpringBootApp using Java 17.0.9 with PID 15652 (D:\java backend\testsubjectMsSQL\target\classes started by 40038450 in D:\java backend\testsubjectMsSQL)
2024-06-08 10:32:06.719 [restartedMain] DEBUG c.l.testsubjectMsSQL.SpringBootApp-logStarting - Running with Spring Boot v3.1.5, Spring v6.0.13
2024-06-08 10:32:06.719 [restartedMain] INFO  c.l.testsubjectMsSQL.SpringBootApp-logStartupProfileInfo - No active profile set, falling back to 1 default profile: "default"
2024-06-08 10:32:07.589 [restartedMain] INFO  c.l.testsubjectMsSQL.SpringBootApp-logStarted - Started SpringBootApp in 0.904 seconds (process running for 1055.332)
2024-06-08 10:33:55.891 [restartedMain] INFO  c.l.testsubjectMsSQL.SpringBootApp-logStarting - Starting SpringBootApp using Java 17.0.9 with PID 25084 (D:\java backend\testsubjectMsSQL\target\classes started by 40038450 in D:\java backend\testsubjectMsSQL)
2024-06-08 10:33:55.895 [restartedMain] DEBUG c.l.testsubjectMsSQL.SpringBootApp-logStarting - Running with Spring Boot v3.1.5, Spring v6.0.13
2024-06-08 10:33:55.897 [restartedMain] INFO  c.l.testsubjectMsSQL.SpringBootApp-logStartupProfileInfo - No active profile set, falling back to 1 default profile: "default"
2024-06-08 10:34:03.709 [restartedMain] INFO  c.l.testsubjectMsSQL.SpringBootApp-logStarted - Started SpringBootApp in 8.412 seconds (process running for 10.043)
2024-06-08 10:34:55.832 [http-nio-8080-exec-1] INFO  c.ltts.service.employeeServiceImpl-deleteemployee - Operation succesfully
2024-06-08 10:35:46.393 [restartedMain] INFO  c.l.testsubjectMsSQL.SpringBootApp-logStarting - Starting SpringBootApp using Java 17.0.9 with PID 25084 (D:\java backend\testsubjectMsSQL\target\classes started by 40038450 in D:\java backend\testsubjectMsSQL)
2024-06-08 10:35:46.393 [restartedMain] DEBUG c.l.testsubjectMsSQL.SpringBootApp-logStarting - Running with Spring Boot v3.1.5, Spring v6.0.13
2024-06-08 10:35:46.394 [restartedMain] INFO  c.l.testsubjectMsSQL.SpringBootApp-logStartupProfileInfo - No active profile set, falling back to 1 default profile: "default"
2024-06-08 10:35:47.628 [restartedMain] INFO  c.l.testsubjectMsSQL.SpringBootApp-logStarted - Started SpringBootApp in 1.274 seconds (process running for 113.963)
2024-06-08 10:35:49.216 [restartedMain] INFO  c.l.testsubjectMsSQL.SpringBootApp-logStarting - Starting SpringBootApp using Java 17.0.9 with PID 25084 (D:\java backend\testsubjectMsSQL\target\classes started by 40038450 in D:\java backend\testsubjectMsSQL)
2024-06-08 10:35:49.217 [restartedMain] DEBUG c.l.testsubjectMsSQL.SpringBootApp-logStarting - Running with Spring Boot v3.1.5, Spring v6.0.13
2024-06-08 10:35:49.217 [restartedMain] INFO  c.l.testsubjectMsSQL.SpringBootApp-logStartupProfileInfo - No active profile set, falling back to 1 default profile: "default"
2024-06-08 10:35:50.259 [restartedMain] INFO  c.l.testsubjectMsSQL.SpringBootApp-logStarted - Started SpringBootApp in 1.08 seconds (process running for 116.593)
2024-06-08 10:35:51.814 [restartedMain] INFO  c.l.testsubjectMsSQL.SpringBootApp-logStarting - Starting SpringBootApp using Java 17.0.9 with PID 25084 (D:\java backend\testsubjectMsSQL\target\classes started by 40038450 in D:\java backend\testsubjectMsSQL)
2024-06-08 10:35:51.815 [restartedMain] DEBUG c.l.testsubjectMsSQL.SpringBootApp-logStarting - Running with Spring Boot v3.1.5, Spring v6.0.13
2024-06-08 10:35:51.815 [restartedMain] INFO  c.l.testsubjectMsSQL.SpringBootApp-logStartupProfileInfo - No active profile set, falling back to 1 default profile: "default"
2024-06-08 10:35:52.847 [restartedMain] INFO  c.l.testsubjectMsSQL.SpringBootApp-logStarted - Started SpringBootApp in 1.072 seconds (process running for 119.181)
2024-06-08 10:35:57.421 [http-nio-8080-exec-1] INFO  c.ltts.service.employeeServiceImpl-addemployee - Operation succesfully
2024-06-08 10:36:07.829 [restartedMain] INFO  c.l.testsubjectMsSQL.SpringBootApp-logStarting - Starting SpringBootApp using Java 17.0.9 with PID 25084 (D:\java backend\testsubjectMsSQL\target\classes started by 40038450 in D:\java backend\testsubjectMsSQL)
2024-06-08 10:36:07.830 [restartedMain] DEBUG c.l.testsubjectMsSQL.SpringBootApp-logStarting - Running with Spring Boot v3.1.5, Spring v6.0.13
2024-06-08 10:36:07.830 [restartedMain] INFO  c.l.testsubjectMsSQL.SpringBootApp-logStartupProfileInfo - No active profile set, falling back to 1 default profile: "default"
2024-06-08 10:36:08.753 [restartedMain] INFO  c.l.testsubjectMsSQL.SpringBootApp-logStarted - Started SpringBootApp in 0.968 seconds (process running for 135.087)
2024-06-08 10:36:15.540 [restartedMain] INFO  c.l.testsubjectMsSQL.SpringBootApp-logStarting - Starting SpringBootApp using Java 17.0.9 with PID 25084 (D:\java backend\testsubjectMsSQL\target\classes started by 40038450 in D:\java backend\testsubjectMsSQL)
2024-06-08 10:36:15.541 [restartedMain] DEBUG c.l.testsubjectMsSQL.SpringBootApp-logStarting - Running with Spring Boot v3.1.5, Spring v6.0.13
2024-06-08 10:36:15.542 [restartedMain] INFO  c.l.testsubjectMsSQL.SpringBootApp-logStartupProfileInfo - No active profile set, falling back to 1 default profile: "default"
2024-06-08 10:36:16.707 [restartedMain] INFO  c.l.testsubjectMsSQL.SpringBootApp-logStarted - Started SpringBootApp in 1.216 seconds (process running for 143.041)
2024-06-08 10:36:43.096 [restartedMain] INFO  c.l.testsubjectMsSQL.SpringBootApp-logStarting - Starting SpringBootApp using Java 17.0.9 with PID 25084 (D:\java backend\testsubjectMsSQL\target\classes started by 40038450 in D:\java backend\testsubjectMsSQL)
2024-06-08 10:36:43.097 [restartedMain] DEBUG c.l.testsubjectMsSQL.SpringBootApp-logStarting - Running with Spring Boot v3.1.5, Spring v6.0.13
2024-06-08 10:36:43.097 [restartedMain] INFO  c.l.testsubjectMsSQL.SpringBootApp-logStartupProfileInfo - No active profile set, falling back to 1 default profile: "default"
2024-06-08 10:36:44.215 [restartedMain] INFO  c.l.testsubjectMsSQL.SpringBootApp-logStarted - Started SpringBootApp in 1.166 seconds (process running for 170.55)
2024-06-08 10:37:49.655 [http-nio-8080-exec-2] INFO  c.l.service.ServiceUsedServiceImpl-addserviceused - Operation succesfully
2024-06-08 10:41:43.346 [restartedMain] INFO  c.l.testsubjectMsSQL.SpringBootApp-logStarting - Starting SpringBootApp using Java 17.0.9 with PID 25084 (D:\java backend\testsubjectMsSQL\target\classes started by 40038450 in D:\java backend\testsubjectMsSQL)
2024-06-08 10:41:43.347 [restartedMain] DEBUG c.l.testsubjectMsSQL.SpringBootApp-logStarting - Running with Spring Boot v3.1.5, Spring v6.0.13
2024-06-08 10:41:43.347 [restartedMain] INFO  c.l.testsubjectMsSQL.SpringBootApp-logStartupProfileInfo - No active profile set, falling back to 1 default profile: "default"
2024-06-08 10:41:44.221 [restartedMain] INFO  c.l.testsubjectMsSQL.SpringBootApp-logStarted - Started SpringBootApp in 0.903 seconds (process running for 470.554)
2024-06-08 10:46:43.858 [restartedMain] INFO  c.l.testsubjectMsSQL.SpringBootApp-logStarting - Starting SpringBootApp using Java 17.0.9 with PID 25084 (D:\java backend\testsubjectMsSQL\target\classes started by 40038450 in D:\java backend\testsubjectMsSQL)
2024-06-08 10:46:43.858 [restartedMain] DEBUG c.l.testsubjectMsSQL.SpringBootApp-logStarting - Running with Spring Boot v3.1.5, Spring v6.0.13
2024-06-08 10:46:43.858 [restartedMain] INFO  c.l.testsubjectMsSQL.SpringBootApp-logStartupProfileInfo - No active profile set, falling back to 1 default profile: "default"
2024-06-08 10:46:44.802 [restartedMain] INFO  c.l.testsubjectMsSQL.SpringBootApp-logStarted - Started SpringBootApp in 0.994 seconds (process running for 771.136)
2024-06-08 10:47:23.608 [http-nio-8080-exec-1] INFO  c.l.service.ServiceUsedServiceImpl-updateserviceused - Operation succesfully
2024-06-08 10:47:39.865 [http-nio-8080-exec-3] INFO  c.l.service.ServiceUsedServiceImpl-updateserviceused - Operation succesfully
2024-06-08 10:48:06.830 [restartedMain] INFO  c.l.testsubjectMsSQL.SpringBootApp-logStarting - Starting SpringBootApp using Java 17.0.9 with PID 25084 (D:\java backend\testsubjectMsSQL\target\classes started by 40038450 in D:\java backend\testsubjectMsSQL)
2024-06-08 10:48:06.831 [restartedMain] DEBUG c.l.testsubjectMsSQL.SpringBootApp-logStarting - Running with Spring Boot v3.1.5, Spring v6.0.13
2024-06-08 10:48:06.831 [restartedMain] INFO  c.l.testsubjectMsSQL.SpringBootApp-logStartupProfileInfo - No active profile set, falling back to 1 default profile: "default"
2024-06-08 10:48:07.778 [restartedMain] INFO  c.l.testsubjectMsSQL.SpringBootApp-logStarted - Started SpringBootApp in 0.973 seconds (process running for 854.112)
2024-06-08 10:51:44.006 [restartedMain] INFO  c.l.testsubjectMsSQL.SpringBootApp-logStarting - Starting SpringBootApp using Java 17.0.9 with PID 25496 (D:\java backend\testsubjectMsSQL\target\classes started by 40038450 in D:\java backend\testsubjectMsSQL)
2024-06-08 10:51:44.010 [restartedMain] DEBUG c.l.testsubjectMsSQL.SpringBootApp-logStarting - Running with Spring Boot v3.1.5, Spring v6.0.13
2024-06-08 10:51:44.012 [restartedMain] INFO  c.l.testsubjectMsSQL.SpringBootApp-logStartupProfileInfo - No active profile set, falling back to 1 default profile: "default"
2024-06-08 10:51:54.591 [restartedMain] INFO  c.l.testsubjectMsSQL.SpringBootApp-logStarted - Started SpringBootApp in 11.371 seconds (process running for 13.931)
2024-06-08 10:51:59.204 [restartedMain] INFO  c.l.testsubjectMsSQL.SpringBootApp-logStarting - Starting SpringBootApp using Java 17.0.9 with PID 25496 (D:\java backend\testsubjectMsSQL\target\classes started by 40038450 in D:\java backend\testsubjectMsSQL)
2024-06-08 10:51:59.205 [restartedMain] DEBUG c.l.testsubjectMsSQL.SpringBootApp-logStarting - Running with Spring Boot v3.1.5, Spring v6.0.13
2024-06-08 10:51:59.206 [restartedMain] INFO  c.l.testsubjectMsSQL.SpringBootApp-logStartupProfileInfo - No active profile set, falling back to 1 default profile: "default"
2024-06-08 10:52:00.479 [restartedMain] INFO  c.l.testsubjectMsSQL.SpringBootApp-logStarted - Started SpringBootApp in 1.333 seconds (process running for 19.82)
2024-06-08 10:52:06.194 [restartedMain] INFO  c.l.testsubjectMsSQL.SpringBootApp-logStarting - Starting SpringBootApp using Java 17.0.9 with PID 25496 (D:\java backend\testsubjectMsSQL\target\classes started by 40038450 in D:\java backend\testsubjectMsSQL)
2024-06-08 10:52:06.195 [restartedMain] DEBUG c.l.testsubjectMsSQL.SpringBootApp-logStarting - Running with Spring Boot v3.1.5, Spring v6.0.13
2024-06-08 10:52:06.195 [restartedMain] INFO  c.l.testsubjectMsSQL.SpringBootApp-logStartupProfileInfo - No active profile set, falling back to 1 default profile: "default"
2024-06-08 10:52:07.588 [restartedMain] INFO  c.l.testsubjectMsSQL.SpringBootApp-logStarted - Started SpringBootApp in 1.435 seconds (process running for 26.928)
2024-06-08 10:52:09.151 [restartedMain] INFO  c.l.testsubjectMsSQL.SpringBootApp-logStarting - Starting SpringBootApp using Java 17.0.9 with PID 25496 (D:\java backend\testsubjectMsSQL\target\classes started by 40038450 in D:\java backend\testsubjectMsSQL)
2024-06-08 10:52:09.152 [restartedMain] DEBUG c.l.testsubjectMsSQL.SpringBootApp-logStarting - Running with Spring Boot v3.1.5, Spring v6.0.13
2024-06-08 10:52:09.152 [restartedMain] INFO  c.l.testsubjectMsSQL.SpringBootApp-logStartupProfileInfo - No active profile set, falling back to 1 default profile: "default"
2024-06-08 10:52:10.423 [restartedMain] INFO  c.l.testsubjectMsSQL.SpringBootApp-logStarted - Started SpringBootApp in 1.307 seconds (process running for 29.763)
2024-06-08 10:52:12.019 [restartedMain] INFO  c.l.testsubjectMsSQL.SpringBootApp-logStarting - Starting SpringBootApp using Java 17.0.9 with PID 25496 (D:\java backend\testsubjectMsSQL\target\classes started by 40038450 in D:\java backend\testsubjectMsSQL)
2024-06-08 10:52:12.020 [restartedMain] DEBUG c.l.testsubjectMsSQL.SpringBootApp-logStarting - Running with Spring Boot v3.1.5, Spring v6.0.13
2024-06-08 10:52:12.020 [restartedMain] INFO  c.l.testsubjectMsSQL.SpringBootApp-logStartupProfileInfo - No active profile set, falling back to 1 default profile: "default"
2024-06-08 10:52:13.411 [restartedMain] INFO  c.l.testsubjectMsSQL.SpringBootApp-logStarted - Started SpringBootApp in 1.454 seconds (process running for 32.751)
2024-06-08 10:52:14.972 [restartedMain] INFO  c.l.testsubjectMsSQL.SpringBootApp-logStarting - Starting SpringBootApp using Java 17.0.9 with PID 25496 (D:\java backend\testsubjectMsSQL\target\classes started by 40038450 in D:\java backend\testsubjectMsSQL)
2024-06-08 10:52:14.973 [restartedMain] DEBUG c.l.testsubjectMsSQL.SpringBootApp-logStarting - Running with Spring Boot v3.1.5, Spring v6.0.13
2024-06-08 10:52:14.973 [restartedMain] INFO  c.l.testsubjectMsSQL.SpringBootApp-logStartupProfileInfo - No active profile set, falling back to 1 default profile: "default"
2024-06-08 10:52:16.071 [restartedMain] INFO  c.l.testsubjectMsSQL.SpringBootApp-logStarted - Started SpringBootApp in 1.137 seconds (process running for 35.412)
2024-06-08 10:52:20.217 [http-nio-8080-exec-1] INFO  c.l.service.ServiceUsedServiceImpl-updateserviceused - Operation succesfully
2024-06-08 10:54:13.996 [restartedMain] INFO  c.l.testsubjectMsSQL.SpringBootApp-logStarting - Starting SpringBootApp using Java 17.0.9 with PID 27140 (D:\java backend\testsubjectMsSQL\target\classes started by 40038450 in D:\java backend\testsubjectMsSQL)
2024-06-08 10:54:14.002 [restartedMain] DEBUG c.l.testsubjectMsSQL.SpringBootApp-logStarting - Running with Spring Boot v3.1.5, Spring v6.0.13
2024-06-08 10:54:14.003 [restartedMain] INFO  c.l.testsubjectMsSQL.SpringBootApp-logStartupProfileInfo - No active profile set, falling back to 1 default profile: "default"
2024-06-08 10:54:14.207 [restartedMain] INFO  c.l.testsubjectMsSQL.SpringBootApp-logStarting - Starting SpringBootApp using Java 17.0.9 with PID 8820 (D:\java backend\testsubjectMsSQL\target\classes started by 40038450 in D:\java backend\testsubjectMsSQL)
2024-06-08 10:54:14.214 [restartedMain] DEBUG c.l.testsubjectMsSQL.SpringBootApp-logStarting - Running with Spring Boot v3.1.5, Spring v6.0.13
2024-06-08 10:54:14.216 [restartedMain] INFO  c.l.testsubjectMsSQL.SpringBootApp-logStartupProfileInfo - No active profile set, falling back to 1 default profile: "default"
2024-06-08 10:54:24.029 [restartedMain] INFO  c.l.testsubjectMsSQL.SpringBootApp-logStarted - Started SpringBootApp in 10.864 seconds (process running for 12.99)
2024-06-08 11:00:14.977 [restartedMain] INFO  c.l.testsubjectMsSQL.SpringBootApp-logStarting - Starting SpringBootApp using Java 17.0.9 with PID 12320 (D:\java backend\testsubjectMsSQL\target\classes started by 40038450 in D:\java backend\testsubjectMsSQL)
2024-06-08 11:00:14.981 [restartedMain] DEBUG c.l.testsubjectMsSQL.SpringBootApp-logStarting - Running with Spring Boot v3.1.5, Spring v6.0.13
2024-06-08 11:00:14.982 [restartedMain] INFO  c.l.testsubjectMsSQL.SpringBootApp-logStartupProfileInfo - No active profile set, falling back to 1 default profile: "default"
2024-06-08 11:00:23.144 [restartedMain] INFO  c.l.testsubjectMsSQL.SpringBootApp-logStarted - Started SpringBootApp in 8.768 seconds (process running for 10.894)
2024-06-08 11:00:28.005 [http-nio-8080-exec-1] INFO  c.ltts.controller.ServiceController-welcome - Welcome to web application
2024-06-08 11:00:33.649 [http-nio-8080-exec-3] WARN  com.ltts.service.ServiceServiceImpl-addservice - Data Present already
